2023.07.01 18:50:06 INFO  Started: Metals version 0.11.12 in workspace '/home/ahmad/Documents/VT/taintanalysis/playground/observingbytecode' for client Visual Studio Code 1.79.1.[0m
Jul 01, 2023 6:50:06 PM org.flywaydb.core.internal.license.VersionPrinter printVersionOnly
INFO: Flyway Community Edition 9.16.3 by Redgate
Jul 01, 2023 6:50:06 PM org.flywaydb.core.internal.license.VersionPrinter printVersion
INFO: See release notes here: https://rd.gt/416ObMi
Jul 01, 2023 6:50:06 PM org.flywaydb.core.internal.license.VersionPrinter printVersion
INFO: 
Jul 01, 2023 6:50:07 PM org.flywaydb.core.internal.database.base.BaseDatabaseType createDatabase
INFO: Database: jdbc:h2:file:/home/ahmad/Documents/VT/taintanalysis/playground/observingbytecode/.metals/metals (H2 2.1)
Jul 01, 2023 6:50:07 PM org.flywaydb.core.internal.schemahistory.JdbcTableSchemaHistory allAppliedMigrations
INFO: Schema history table "PUBLIC"."flyway_schema_history" does not exist yet
Jul 01, 2023 6:50:07 PM org.flywaydb.core.internal.command.DbValidate validate
INFO: Successfully validated 4 migrations (execution time 00:00.022s)
Jul 01, 2023 6:50:07 PM org.flywaydb.core.internal.schemahistory.JdbcTableSchemaHistory create
INFO: Creating Schema History table "PUBLIC"."flyway_schema_history" ...
Jul 01, 2023 6:50:07 PM org.flywaydb.core.internal.command.DbMigrate migrateGroup
INFO: Current version of schema "PUBLIC": << Empty Schema >>
Jul 01, 2023 6:50:07 PM org.flywaydb.core.internal.command.DbMigrate doMigrateGroup
INFO: Migrating schema "PUBLIC" to version "1 - Create tables"
Jul 01, 2023 6:50:07 PM org.flywaydb.core.internal.command.DbMigrate doMigrateGroup
INFO: Migrating schema "PUBLIC" to version "2 - Server discovery"
Jul 01, 2023 6:50:07 PM org.flywaydb.core.internal.command.DbMigrate doMigrateGroup
INFO: Migrating schema "PUBLIC" to version "3 - Jar symbols"
Jul 01, 2023 6:50:07 PM org.flywaydb.core.internal.command.DbMigrate doMigrateGroup
INFO: Migrating schema "PUBLIC" to version "4 - Fingerprints"
Jul 01, 2023 6:50:07 PM org.flywaydb.core.internal.command.DbMigrate logSummary
INFO: Successfully applied 4 migrations to schema "PUBLIC", now at version v4 (execution time 00:00.072s)
2023.07.01 18:50:07 INFO  time: initialize in 1s[0m
2023.07.01 18:50:10 WARN  Build server is not auto-connectable.[0m
2023.07.01 18:50:10 WARN  no build tool detected in workspace '/home/ahmad/Documents/VT/taintanalysis/playground/observingbytecode'. The most common cause for this problem is that the editor was opened in the wrong working directory, for example if you use sbt then the workspace directory should contain build.sbt. [0m
2023.07.01 18:50:10 WARN  no build target for: /home/ahmad/Documents/VT/taintanalysis/playground/observingbytecode/TaintExample.java[0m
Jul 01, 2023 6:50:10 PM org.eclipse.lsp4j.jsonrpc.RemoteEndpoint handleCancellation
WARNING: Unmatched cancel notification for request id 2
Jul 01, 2023 6:50:10 PM org.eclipse.lsp4j.jsonrpc.RemoteEndpoint handleCancellation
WARNING: Unmatched cancel notification for request id 1
2023.07.01 18:50:11 WARN  Running javac-semanticdb failed for file:///home/ahmad/Documents/VT/taintanalysis/playground/observingbytecode/TaintExample.java. Output:
Exception in thread "main" java.lang.IllegalAccessError: class com.sourcegraph.semanticdb_javac.SemanticdbPlugin (in unnamed module @0x77b52d12) cannot access class com.sun.tools.javac.api.BasicJavacTask (in module jdk.compiler) because module jdk.compiler does not export com.sun.tools.javac.api to unnamed module @0x77b52d12
	at com.sourcegraph.semanticdb_javac.SemanticdbPlugin.init(SemanticdbPlugin.java:19)
	at jdk.compiler/com.sun.tools.javac.api.BasicJavacTask.initPlugin(BasicJavacTask.java:255)
	at jdk.compiler/com.sun.tools.javac.api.BasicJavacTask.initPlugins(BasicJavacTask.java:229)
	at jdk.compiler/com.sun.tools.javac.main.Main.compile(Main.java:292)
	at jdk.compiler/com.sun.tools.javac.main.Main.compile(Main.java:176)
	at jdk.compiler/com.sun.tools.javac.Main.compile(Main.java:64)
	at jdk.compiler/com.sun.tools.javac.Main.main(Main.java:50)[0m
2023.07.01 18:50:24 WARN  no build target for: /home/ahmad/Documents/VT/taintanalysis/playground/observingbytecode/TaintExample.scala[0m
2023.07.01 18:50:30 INFO  no build target found for /home/ahmad/Documents/VT/taintanalysis/playground/observingbytecode/TaintExample.scala. Using presentation compiler with project's scala-library version: 3.2.2[0m
2023.07.01 18:50:31 INFO  time: code lens generation in 6.72s[0m
2023.07.01 18:50:31 INFO  time: code lens generation in 3.1s[0m
Jul 01, 2023 6:50:34 PM org.eclipse.lsp4j.jsonrpc.RemoteEndpoint handleCancellation
WARNING: Unmatched cancel notification for request id 40
2023.07.01 18:53:13 WARN  no build target for: /home/ahmad/Documents/VT/taintanalysis/playground/observingbytecode/TaintExample.scala[0m
2023.07.01 18:54:46 WARN  no build target for: /home/ahmad/Documents/VT/taintanalysis/playground/observingbytecode/ScalaTaintExample.scala[0m
2023.07.01 18:54:51 WARN  no build target for: /home/ahmad/Documents/VT/taintanalysis/playground/observingbytecode/ScalaTaintExample.scala[0m
2023.07.01 18:55:37 WARN  no build target for: /home/ahmad/Documents/VT/taintanalysis/playground/observingbytecode/ScalaTaintExample.scala[0m
Jul 02, 2023 3:40:29 PM org.eclipse.lsp4j.jsonrpc.RemoteEndpoint handleCancellation
WARNING: Unmatched cancel notification for request id 833
2023.07.02 15:40:48 WARN  no build target for: /home/ahmad/Documents/VT/taintanalysis/playground/observingbytecode/APIUser.java[0m
2023.07.02 15:40:48 WARN  Running javac-semanticdb failed for file:///home/ahmad/Documents/VT/taintanalysis/playground/observingbytecode/APIUser.java. Output:
Exception in thread "main" java.lang.IllegalAccessError: class com.sourcegraph.semanticdb_javac.SemanticdbPlugin (in unnamed module @0x77b52d12) cannot access class com.sun.tools.javac.api.BasicJavacTask (in module jdk.compiler) because module jdk.compiler does not export com.sun.tools.javac.api to unnamed module @0x77b52d12
	at com.sourcegraph.semanticdb_javac.SemanticdbPlugin.init(SemanticdbPlugin.java:19)
	at jdk.compiler/com.sun.tools.javac.api.BasicJavacTask.initPlugin(BasicJavacTask.java:255)
	at jdk.compiler/com.sun.tools.javac.api.BasicJavacTask.initPlugins(BasicJavacTask.java:229)
	at jdk.compiler/com.sun.tools.javac.main.Main.compile(Main.java:292)
	at jdk.compiler/com.sun.tools.javac.main.Main.compile(Main.java:176)
	at jdk.compiler/com.sun.tools.javac.Main.compile(Main.java:64)
	at jdk.compiler/com.sun.tools.javac.Main.main(Main.java:50)[0m
Jul 02, 2023 3:41:00 PM org.eclipse.lsp4j.jsonrpc.RemoteEndpoint handleCancellation
WARNING: Unmatched cancel notification for request id 862
2023.07.02 15:43:27 WARN  no build target for: /home/ahmad/Documents/VT/taintanalysis/playground/observingbytecode/APIUser.java[0m
2023.07.02 15:43:28 WARN  Running javac-semanticdb failed for file:///home/ahmad/Documents/VT/taintanalysis/playground/observingbytecode/APIUser.java. Output:
Exception in thread "main" java.lang.IllegalAccessError: class com.sourcegraph.semanticdb_javac.SemanticdbPlugin (in unnamed module @0x77b52d12) cannot access class com.sun.tools.javac.api.BasicJavacTask (in module jdk.compiler) because module jdk.compiler does not export com.sun.tools.javac.api to unnamed module @0x77b52d12
	at com.sourcegraph.semanticdb_javac.SemanticdbPlugin.init(SemanticdbPlugin.java:19)
	at jdk.compiler/com.sun.tools.javac.api.BasicJavacTask.initPlugin(BasicJavacTask.java:255)
	at jdk.compiler/com.sun.tools.javac.api.BasicJavacTask.initPlugins(BasicJavacTask.java:229)
	at jdk.compiler/com.sun.tools.javac.main.Main.compile(Main.java:292)
	at jdk.compiler/com.sun.tools.javac.main.Main.compile(Main.java:176)
	at jdk.compiler/com.sun.tools.javac.Main.compile(Main.java:64)
	at jdk.compiler/com.sun.tools.javac.Main.main(Main.java:50)[0m
2023.07.02 15:57:13 WARN  no build target for: /home/ahmad/Documents/VT/taintanalysis/playground/observingbytecode/DummyAPI.java[0m
2023.07.02 15:57:13 WARN  Running javac-semanticdb failed for file:///home/ahmad/Documents/VT/taintanalysis/playground/observingbytecode/DummyAPI.java. Output:
Exception in thread "main" java.lang.IllegalAccessError: class com.sourcegraph.semanticdb_javac.SemanticdbPlugin (in unnamed module @0x77b52d12) cannot access class com.sun.tools.javac.api.BasicJavacTask (in module jdk.compiler) because module jdk.compiler does not export com.sun.tools.javac.api to unnamed module @0x77b52d12
	at com.sourcegraph.semanticdb_javac.SemanticdbPlugin.init(SemanticdbPlugin.java:19)
	at jdk.compiler/com.sun.tools.javac.api.BasicJavacTask.initPlugin(BasicJavacTask.java:255)
	at jdk.compiler/com.sun.tools.javac.api.BasicJavacTask.initPlugins(BasicJavacTask.java:229)
	at jdk.compiler/com.sun.tools.javac.main.Main.compile(Main.java:292)
	at jdk.compiler/com.sun.tools.javac.main.Main.compile(Main.java:176)
	at jdk.compiler/com.sun.tools.javac.Main.compile(Main.java:64)
	at jdk.compiler/com.sun.tools.javac.Main.main(Main.java:50)[0m
2023.07.02 16:00:33 WARN  no build target for: /home/ahmad/Documents/VT/taintanalysis/playground/observingbytecode/APIUser.java[0m
2023.07.02 16:00:33 WARN  Running javac-semanticdb failed for file:///home/ahmad/Documents/VT/taintanalysis/playground/observingbytecode/APIUser.java. Output:
Exception in thread "main" java.lang.IllegalAccessError: class com.sourcegraph.semanticdb_javac.SemanticdbPlugin (in unnamed module @0x77b52d12) cannot access class com.sun.tools.javac.api.BasicJavacTask (in module jdk.compiler) because module jdk.compiler does not export com.sun.tools.javac.api to unnamed module @0x77b52d12
	at com.sourcegraph.semanticdb_javac.SemanticdbPlugin.init(SemanticdbPlugin.java:19)
	at jdk.compiler/com.sun.tools.javac.api.BasicJavacTask.initPlugin(BasicJavacTask.java:255)
	at jdk.compiler/com.sun.tools.javac.api.BasicJavacTask.initPlugins(BasicJavacTask.java:229)
	at jdk.compiler/com.sun.tools.javac.main.Main.compile(Main.java:292)
	at jdk.compiler/com.sun.tools.javac.main.Main.compile(Main.java:176)
	at jdk.compiler/com.sun.tools.javac.Main.compile(Main.java:64)
	at jdk.compiler/com.sun.tools.javac.Main.main(Main.java:50)[0m
Jul 02, 2023 4:01:08 PM org.eclipse.lsp4j.jsonrpc.RemoteEndpoint handleCancellation
WARNING: Unmatched cancel notification for request id 1512
2023.07.02 16:01:15 WARN  no build target for: /home/ahmad/Documents/VT/taintanalysis/playground/observingbytecode/DummyAPI.java[0m
2023.07.02 16:01:15 WARN  Running javac-semanticdb failed for file:///home/ahmad/Documents/VT/taintanalysis/playground/observingbytecode/DummyAPI.java. Output:
Exception in thread "main" java.lang.IllegalAccessError: class com.sourcegraph.semanticdb_javac.SemanticdbPlugin (in unnamed module @0x77b52d12) cannot access class com.sun.tools.javac.api.BasicJavacTask (in module jdk.compiler) because module jdk.compiler does not export com.sun.tools.javac.api to unnamed module @0x77b52d12
	at com.sourcegraph.semanticdb_javac.SemanticdbPlugin.init(SemanticdbPlugin.java:19)
	at jdk.compiler/com.sun.tools.javac.api.BasicJavacTask.initPlugin(BasicJavacTask.java:255)
	at jdk.compiler/com.sun.tools.javac.api.BasicJavacTask.initPlugins(BasicJavacTask.java:229)
	at jdk.compiler/com.sun.tools.javac.main.Main.compile(Main.java:292)
	at jdk.compiler/com.sun.tools.javac.main.Main.compile(Main.java:176)
	at jdk.compiler/com.sun.tools.javac.Main.compile(Main.java:64)
	at jdk.compiler/com.sun.tools.javac.Main.main(Main.java:50)[0m
2023.07.02 16:02:40 WARN  no build target for: /home/ahmad/Documents/VT/taintanalysis/playground/observingbytecode/JarExample/api/DummyAPI.java[0m
2023.07.02 16:02:40 WARN  Running javac-semanticdb failed for file:///home/ahmad/Documents/VT/taintanalysis/playground/observingbytecode/JarExample/api/DummyAPI.java. Output:
Exception in thread "main" java.lang.IllegalAccessError: class com.sourcegraph.semanticdb_javac.SemanticdbPlugin (in unnamed module @0x77b52d12) cannot access class com.sun.tools.javac.api.BasicJavacTask (in module jdk.compiler) because module jdk.compiler does not export com.sun.tools.javac.api to unnamed module @0x77b52d12
	at com.sourcegraph.semanticdb_javac.SemanticdbPlugin.init(SemanticdbPlugin.java:19)
	at jdk.compiler/com.sun.tools.javac.api.BasicJavacTask.initPlugin(BasicJavacTask.java:255)
	at jdk.compiler/com.sun.tools.javac.api.BasicJavacTask.initPlugins(BasicJavacTask.java:229)
	at jdk.compiler/com.sun.tools.javac.main.Main.compile(Main.java:292)
	at jdk.compiler/com.sun.tools.javac.main.Main.compile(Main.java:176)
	at jdk.compiler/com.sun.tools.javac.Main.compile(Main.java:64)
	at jdk.compiler/com.sun.tools.javac.Main.main(Main.java:50)[0m
2023.07.02 16:02:48 WARN  no build target for: /home/ahmad/Documents/VT/taintanalysis/playground/observingbytecode/JarExample/user/APIUser.java[0m
2023.07.02 16:02:48 WARN  Running javac-semanticdb failed for file:///home/ahmad/Documents/VT/taintanalysis/playground/observingbytecode/JarExample/user/APIUser.java. Output:
Exception in thread "main" java.lang.IllegalAccessError: class com.sourcegraph.semanticdb_javac.SemanticdbPlugin (in unnamed module @0x77b52d12) cannot access class com.sun.tools.javac.api.BasicJavacTask (in module jdk.compiler) because module jdk.compiler does not export com.sun.tools.javac.api to unnamed module @0x77b52d12
	at com.sourcegraph.semanticdb_javac.SemanticdbPlugin.init(SemanticdbPlugin.java:19)
	at jdk.compiler/com.sun.tools.javac.api.BasicJavacTask.initPlugin(BasicJavacTask.java:255)
	at jdk.compiler/com.sun.tools.javac.api.BasicJavacTask.initPlugins(BasicJavacTask.java:229)
	at jdk.compiler/com.sun.tools.javac.main.Main.compile(Main.java:292)
	at jdk.compiler/com.sun.tools.javac.main.Main.compile(Main.java:176)
	at jdk.compiler/com.sun.tools.javac.Main.compile(Main.java:64)
	at jdk.compiler/com.sun.tools.javac.Main.main(Main.java:50)[0m
2023.07.02 16:03:15 WARN  no build target for: /home/ahmad/Documents/VT/taintanalysis/playground/observingbytecode/jarexample/api/DummyAPI.java[0m
2023.07.02 16:03:15 WARN  no build target for: /home/ahmad/Documents/VT/taintanalysis/playground/observingbytecode/jarexample/user/APIUser.java[0m
2023.07.02 16:03:16 WARN  Running javac-semanticdb failed for file:///home/ahmad/Documents/VT/taintanalysis/playground/observingbytecode/jarexample/api/DummyAPI.java. Output:
Exception in thread "main" java.lang.IllegalAccessError: class com.sourcegraph.semanticdb_javac.SemanticdbPlugin (in unnamed module @0x77b52d12) cannot access class com.sun.tools.javac.api.BasicJavacTask (in module jdk.compiler) because module jdk.compiler does not export com.sun.tools.javac.api to unnamed module @0x77b52d12
	at com.sourcegraph.semanticdb_javac.SemanticdbPlugin.init(SemanticdbPlugin.java:19)
	at jdk.compiler/com.sun.tools.javac.api.BasicJavacTask.initPlugin(BasicJavacTask.java:255)
	at jdk.compiler/com.sun.tools.javac.api.BasicJavacTask.initPlugins(BasicJavacTask.java:229)
	at jdk.compiler/com.sun.tools.javac.main.Main.compile(Main.java:292)
	at jdk.compiler/com.sun.tools.javac.main.Main.compile(Main.java:176)
	at jdk.compiler/com.sun.tools.javac.Main.compile(Main.java:64)
	at jdk.compiler/com.sun.tools.javac.Main.main(Main.java:50)[0m
2023.07.02 16:03:17 WARN  Running javac-semanticdb failed for file:///home/ahmad/Documents/VT/taintanalysis/playground/observingbytecode/jarexample/user/APIUser.java. Output:
Exception in thread "main" java.lang.IllegalAccessError: class com.sourcegraph.semanticdb_javac.SemanticdbPlugin (in unnamed module @0x77b52d12) cannot access class com.sun.tools.javac.api.BasicJavacTask (in module jdk.compiler) because module jdk.compiler does not export com.sun.tools.javac.api to unnamed module @0x77b52d12
	at com.sourcegraph.semanticdb_javac.SemanticdbPlugin.init(SemanticdbPlugin.java:19)
	at jdk.compiler/com.sun.tools.javac.api.BasicJavacTask.initPlugin(BasicJavacTask.java:255)
	at jdk.compiler/com.sun.tools.javac.api.BasicJavacTask.initPlugins(BasicJavacTask.java:229)
	at jdk.compiler/com.sun.tools.javac.main.Main.compile(Main.java:292)
	at jdk.compiler/com.sun.tools.javac.main.Main.compile(Main.java:176)
	at jdk.compiler/com.sun.tools.javac.Main.compile(Main.java:64)
	at jdk.compiler/com.sun.tools.javac.Main.main(Main.java:50)[0m
2023.07.02 16:03:31 WARN  no build target for: /home/ahmad/Documents/VT/taintanalysis/playground/observingbytecode/jarexample/user/APIUser.java[0m
2023.07.02 16:03:32 WARN  Running javac-semanticdb failed for file:///home/ahmad/Documents/VT/taintanalysis/playground/observingbytecode/jarexample/user/APIUser.java. Output:
Exception in thread "main" java.lang.IllegalAccessError: class com.sourcegraph.semanticdb_javac.SemanticdbPlugin (in unnamed module @0x77b52d12) cannot access class com.sun.tools.javac.api.BasicJavacTask (in module jdk.compiler) because module jdk.compiler does not export com.sun.tools.javac.api to unnamed module @0x77b52d12
	at com.sourcegraph.semanticdb_javac.SemanticdbPlugin.init(SemanticdbPlugin.java:19)
	at jdk.compiler/com.sun.tools.javac.api.BasicJavacTask.initPlugin(BasicJavacTask.java:255)
	at jdk.compiler/com.sun.tools.javac.api.BasicJavacTask.initPlugins(BasicJavacTask.java:229)
	at jdk.compiler/com.sun.tools.javac.main.Main.compile(Main.java:292)
	at jdk.compiler/com.sun.tools.javac.main.Main.compile(Main.java:176)
	at jdk.compiler/com.sun.tools.javac.Main.compile(Main.java:64)
	at jdk.compiler/com.sun.tools.javac.Main.main(Main.java:50)[0m
2023.07.02 16:03:34 WARN  no build target for: /home/ahmad/Documents/VT/taintanalysis/playground/observingbytecode/jarexample/api/DummyAPI.java[0m
2023.07.02 16:03:34 WARN  Running javac-semanticdb failed for file:///home/ahmad/Documents/VT/taintanalysis/playground/observingbytecode/jarexample/api/DummyAPI.java. Output:
Exception in thread "main" java.lang.IllegalAccessError: class com.sourcegraph.semanticdb_javac.SemanticdbPlugin (in unnamed module @0x77b52d12) cannot access class com.sun.tools.javac.api.BasicJavacTask (in module jdk.compiler) because module jdk.compiler does not export com.sun.tools.javac.api to unnamed module @0x77b52d12
	at com.sourcegraph.semanticdb_javac.SemanticdbPlugin.init(SemanticdbPlugin.java:19)
	at jdk.compiler/com.sun.tools.javac.api.BasicJavacTask.initPlugin(BasicJavacTask.java:255)
	at jdk.compiler/com.sun.tools.javac.api.BasicJavacTask.initPlugins(BasicJavacTask.java:229)
	at jdk.compiler/com.sun.tools.javac.main.Main.compile(Main.java:292)
	at jdk.compiler/com.sun.tools.javac.main.Main.compile(Main.java:176)
	at jdk.compiler/com.sun.tools.javac.Main.compile(Main.java:64)
	at jdk.compiler/com.sun.tools.javac.Main.main(Main.java:50)[0m
2023.07.02 16:03:39 WARN  no build target for: /home/ahmad/Documents/VT/taintanalysis/playground/observingbytecode/jarexample/api/DummyAPI.java[0m
2023.07.02 16:03:40 WARN  Running javac-semanticdb failed for file:///home/ahmad/Documents/VT/taintanalysis/playground/observingbytecode/jarexample/api/DummyAPI.java. Output:
Exception in thread "main" java.lang.IllegalAccessError: class com.sourcegraph.semanticdb_javac.SemanticdbPlugin (in unnamed module @0x77b52d12) cannot access class com.sun.tools.javac.api.BasicJavacTask (in module jdk.compiler) because module jdk.compiler does not export com.sun.tools.javac.api to unnamed module @0x77b52d12
	at com.sourcegraph.semanticdb_javac.SemanticdbPlugin.init(SemanticdbPlugin.java:19)
	at jdk.compiler/com.sun.tools.javac.api.BasicJavacTask.initPlugin(BasicJavacTask.java:255)
	at jdk.compiler/com.sun.tools.javac.api.BasicJavacTask.initPlugins(BasicJavacTask.java:229)
	at jdk.compiler/com.sun.tools.javac.main.Main.compile(Main.java:292)
	at jdk.compiler/com.sun.tools.javac.main.Main.compile(Main.java:176)
	at jdk.compiler/com.sun.tools.javac.Main.compile(Main.java:64)
	at jdk.compiler/com.sun.tools.javac.Main.main(Main.java:50)[0m
2023.07.02 16:03:51 WARN  no build target for: /home/ahmad/Documents/VT/taintanalysis/playground/observingbytecode/jarexample/api/DummyAPI.java[0m
2023.07.02 16:03:52 WARN  Running javac-semanticdb failed for file:///home/ahmad/Documents/VT/taintanalysis/playground/observingbytecode/jarexample/api/DummyAPI.java. Output:
Exception in thread "main" java.lang.IllegalAccessError: class com.sourcegraph.semanticdb_javac.SemanticdbPlugin (in unnamed module @0x77b52d12) cannot access class com.sun.tools.javac.api.BasicJavacTask (in module jdk.compiler) because module jdk.compiler does not export com.sun.tools.javac.api to unnamed module @0x77b52d12
	at com.sourcegraph.semanticdb_javac.SemanticdbPlugin.init(SemanticdbPlugin.java:19)
	at jdk.compiler/com.sun.tools.javac.api.BasicJavacTask.initPlugin(BasicJavacTask.java:255)
	at jdk.compiler/com.sun.tools.javac.api.BasicJavacTask.initPlugins(BasicJavacTask.java:229)
	at jdk.compiler/com.sun.tools.javac.main.Main.compile(Main.java:292)
	at jdk.compiler/com.sun.tools.javac.main.Main.compile(Main.java:176)
	at jdk.compiler/com.sun.tools.javac.Main.compile(Main.java:64)
	at jdk.compiler/com.sun.tools.javac.Main.main(Main.java:50)[0m
2023.07.02 16:04:10 WARN  no build target for: /home/ahmad/Documents/VT/taintanalysis/playground/observingbytecode/jarexample/api/DummyAPI.java[0m
2023.07.02 16:04:10 WARN  Running javac-semanticdb failed for file:///home/ahmad/Documents/VT/taintanalysis/playground/observingbytecode/jarexample/api/DummyAPI.java. Output:
Exception in thread "main" java.lang.IllegalAccessError: class com.sourcegraph.semanticdb_javac.SemanticdbPlugin (in unnamed module @0x77b52d12) cannot access class com.sun.tools.javac.api.BasicJavacTask (in module jdk.compiler) because module jdk.compiler does not export com.sun.tools.javac.api to unnamed module @0x77b52d12
	at com.sourcegraph.semanticdb_javac.SemanticdbPlugin.init(SemanticdbPlugin.java:19)
	at jdk.compiler/com.sun.tools.javac.api.BasicJavacTask.initPlugin(BasicJavacTask.java:255)
	at jdk.compiler/com.sun.tools.javac.api.BasicJavacTask.initPlugins(BasicJavacTask.java:229)
	at jdk.compiler/com.sun.tools.javac.main.Main.compile(Main.java:292)
	at jdk.compiler/com.sun.tools.javac.main.Main.compile(Main.java:176)
	at jdk.compiler/com.sun.tools.javac.Main.compile(Main.java:64)
	at jdk.compiler/com.sun.tools.javac.Main.main(Main.java:50)[0m
2023.07.02 16:04:31 WARN  no build target for: /home/ahmad/Documents/VT/taintanalysis/playground/observingbytecode/jarexample/user/APIUser.java[0m
2023.07.02 16:04:31 WARN  Using indexes to guess the definition of DummyAPI[0m
2023.07.02 16:04:32 WARN  Using indexes to guess the definition of DummyAPI[0m
Jul 02, 2023 4:10:58 PM org.eclipse.lsp4j.jsonrpc.RemoteEndpoint handleCancellation
WARNING: Unmatched cancel notification for request id 1758
2023.07.02 16:10:59 WARN  Using indexes to guess the definition of taintSource[0m
2023.07.02 16:10:59 WARN  Using indexes to guess the definition of DummyAPI[0m
2023.07.02 16:11:00 WARN  no build target for: /home/ahmad/Documents/VT/taintanalysis/playground/observingbytecode/jarexample/user/APIUser.java[0m
2023.07.02 16:11:00 WARN  Running javac-semanticdb failed for file:///home/ahmad/Documents/VT/taintanalysis/playground/observingbytecode/jarexample/user/APIUser.java. Output:
Exception in thread "main" java.lang.IllegalAccessError: class com.sourcegraph.semanticdb_javac.SemanticdbPlugin (in unnamed module @0x77b52d12) cannot access class com.sun.tools.javac.api.BasicJavacTask (in module jdk.compiler) because module jdk.compiler does not export com.sun.tools.javac.api to unnamed module @0x77b52d12
	at com.sourcegraph.semanticdb_javac.SemanticdbPlugin.init(SemanticdbPlugin.java:19)
	at jdk.compiler/com.sun.tools.javac.api.BasicJavacTask.initPlugin(BasicJavacTask.java:255)
	at jdk.compiler/com.sun.tools.javac.api.BasicJavacTask.initPlugins(BasicJavacTask.java:229)
	at jdk.compiler/com.sun.tools.javac.main.Main.compile(Main.java:292)
	at jdk.compiler/com.sun.tools.javac.main.Main.compile(Main.java:176)
	at jdk.compiler/com.sun.tools.javac.Main.compile(Main.java:64)
	at jdk.compiler/com.sun.tools.javac.Main.main(Main.java:50)[0m
2023.07.02 16:11:16 WARN  no build target for: /home/ahmad/Documents/VT/taintanalysis/playground/observingbytecode/jarexample/user/APIUser.java[0m
2023.07.02 16:11:17 WARN  Running javac-semanticdb failed for file:///home/ahmad/Documents/VT/taintanalysis/playground/observingbytecode/jarexample/user/APIUser.java. Output:
Exception in thread "main" java.lang.IllegalAccessError: class com.sourcegraph.semanticdb_javac.SemanticdbPlugin (in unnamed module @0x77b52d12) cannot access class com.sun.tools.javac.api.BasicJavacTask (in module jdk.compiler) because module jdk.compiler does not export com.sun.tools.javac.api to unnamed module @0x77b52d12
	at com.sourcegraph.semanticdb_javac.SemanticdbPlugin.init(SemanticdbPlugin.java:19)
	at jdk.compiler/com.sun.tools.javac.api.BasicJavacTask.initPlugin(BasicJavacTask.java:255)
	at jdk.compiler/com.sun.tools.javac.api.BasicJavacTask.initPlugins(BasicJavacTask.java:229)
	at jdk.compiler/com.sun.tools.javac.main.Main.compile(Main.java:292)
	at jdk.compiler/com.sun.tools.javac.main.Main.compile(Main.java:176)
	at jdk.compiler/com.sun.tools.javac.Main.compile(Main.java:64)
	at jdk.compiler/com.sun.tools.javac.Main.main(Main.java:50)[0m
2023.07.02 16:19:02 WARN  no build target for: /home/ahmad/Documents/VT/taintanalysis/playground/observingbytecode/ScalaJavaExample.java[0m
2023.07.02 16:19:02 WARN  Running javac-semanticdb failed for file:///home/ahmad/Documents/VT/taintanalysis/playground/observingbytecode/ScalaJavaExample.java. Output:
Exception in thread "main" java.lang.IllegalAccessError: class com.sourcegraph.semanticdb_javac.SemanticdbPlugin (in unnamed module @0x77b52d12) cannot access class com.sun.tools.javac.api.BasicJavacTask (in module jdk.compiler) because module jdk.compiler does not export com.sun.tools.javac.api to unnamed module @0x77b52d12
	at com.sourcegraph.semanticdb_javac.SemanticdbPlugin.init(SemanticdbPlugin.java:19)
	at jdk.compiler/com.sun.tools.javac.api.BasicJavacTask.initPlugin(BasicJavacTask.java:255)
	at jdk.compiler/com.sun.tools.javac.api.BasicJavacTask.initPlugins(BasicJavacTask.java:229)
	at jdk.compiler/com.sun.tools.javac.main.Main.compile(Main.java:292)
	at jdk.compiler/com.sun.tools.javac.main.Main.compile(Main.java:176)
	at jdk.compiler/com.sun.tools.javac.Main.compile(Main.java:64)
	at jdk.compiler/com.sun.tools.javac.Main.main(Main.java:50)[0m
2023.07.02 16:20:32 WARN  no build target for: /home/ahmad/Documents/VT/taintanalysis/playground/observingbytecode/ScalaJavaExample.java[0m
2023.07.02 16:20:32 WARN  Running javac-semanticdb failed for file:///home/ahmad/Documents/VT/taintanalysis/playground/observingbytecode/ScalaJavaExample.java. Output:
Exception in thread "main" java.lang.IllegalAccessError: class com.sourcegraph.semanticdb_javac.SemanticdbPlugin (in unnamed module @0x77b52d12) cannot access class com.sun.tools.javac.api.BasicJavacTask (in module jdk.compiler) because module jdk.compiler does not export com.sun.tools.javac.api to unnamed module @0x77b52d12
	at com.sourcegraph.semanticdb_javac.SemanticdbPlugin.init(SemanticdbPlugin.java:19)
	at jdk.compiler/com.sun.tools.javac.api.BasicJavacTask.initPlugin(BasicJavacTask.java:255)
	at jdk.compiler/com.sun.tools.javac.api.BasicJavacTask.initPlugins(BasicJavacTask.java:229)
	at jdk.compiler/com.sun.tools.javac.main.Main.compile(Main.java:292)
	at jdk.compiler/com.sun.tools.javac.main.Main.compile(Main.java:176)
	at jdk.compiler/com.sun.tools.javac.Main.compile(Main.java:64)
	at jdk.compiler/com.sun.tools.javac.Main.main(Main.java:50)[0m
2023.07.02 16:20:39 WARN  Using indexes to guess the definition of taintSource[0m
2023.07.02 16:20:40 WARN  no build target for: /home/ahmad/Documents/VT/taintanalysis/playground/observingbytecode/ScalaJavaExample.java[0m
2023.07.02 16:20:40 WARN  Running javac-semanticdb failed for file:///home/ahmad/Documents/VT/taintanalysis/playground/observingbytecode/ScalaJavaExample.java. Output:
Exception in thread "main" java.lang.IllegalAccessError: class com.sourcegraph.semanticdb_javac.SemanticdbPlugin (in unnamed module @0x77b52d12) cannot access class com.sun.tools.javac.api.BasicJavacTask (in module jdk.compiler) because module jdk.compiler does not export com.sun.tools.javac.api to unnamed module @0x77b52d12
	at com.sourcegraph.semanticdb_javac.SemanticdbPlugin.init(SemanticdbPlugin.java:19)
	at jdk.compiler/com.sun.tools.javac.api.BasicJavacTask.initPlugin(BasicJavacTask.java:255)
	at jdk.compiler/com.sun.tools.javac.api.BasicJavacTask.initPlugins(BasicJavacTask.java:229)
	at jdk.compiler/com.sun.tools.javac.main.Main.compile(Main.java:292)
	at jdk.compiler/com.sun.tools.javac.main.Main.compile(Main.java:176)
	at jdk.compiler/com.sun.tools.javac.Main.compile(Main.java:64)
	at jdk.compiler/com.sun.tools.javac.Main.main(Main.java:50)[0m
2023.07.02 16:20:48 WARN  no build target for: /home/ahmad/Documents/VT/taintanalysis/playground/observingbytecode/ScalaJavaExample.java[0m
2023.07.02 16:20:49 WARN  Running javac-semanticdb failed for file:///home/ahmad/Documents/VT/taintanalysis/playground/observingbytecode/ScalaJavaExample.java. Output:
Exception in thread "main" java.lang.IllegalAccessError: class com.sourcegraph.semanticdb_javac.SemanticdbPlugin (in unnamed module @0x77b52d12) cannot access class com.sun.tools.javac.api.BasicJavacTask (in module jdk.compiler) because module jdk.compiler does not export com.sun.tools.javac.api to unnamed module @0x77b52d12
	at com.sourcegraph.semanticdb_javac.SemanticdbPlugin.init(SemanticdbPlugin.java:19)
	at jdk.compiler/com.sun.tools.javac.api.BasicJavacTask.initPlugin(BasicJavacTask.java:255)
	at jdk.compiler/com.sun.tools.javac.api.BasicJavacTask.initPlugins(BasicJavacTask.java:229)
	at jdk.compiler/com.sun.tools.javac.main.Main.compile(Main.java:292)
	at jdk.compiler/com.sun.tools.javac.main.Main.compile(Main.java:176)
	at jdk.compiler/com.sun.tools.javac.Main.compile(Main.java:64)
	at jdk.compiler/com.sun.tools.javac.Main.main(Main.java:50)[0m
2023.07.02 16:20:52 WARN  no build target for: /home/ahmad/Documents/VT/taintanalysis/playground/observingbytecode/ScalaJavaExample.java[0m
2023.07.02 16:20:52 WARN  no build target for: /home/ahmad/Documents/VT/taintanalysis/playground/observingbytecode/ScalaJavaExample.java[0m
2023.07.02 16:20:52 WARN  Running javac-semanticdb failed for file:///home/ahmad/Documents/VT/taintanalysis/playground/observingbytecode/ScalaJavaExample.java. Output:
Exception in thread "main" java.lang.IllegalAccessError: class com.sourcegraph.semanticdb_javac.SemanticdbPlugin (in unnamed module @0x77b52d12) cannot access class com.sun.tools.javac.api.BasicJavacTask (in module jdk.compiler) because module jdk.compiler does not export com.sun.tools.javac.api to unnamed module @0x77b52d12
	at com.sourcegraph.semanticdb_javac.SemanticdbPlugin.init(SemanticdbPlugin.java:19)
	at jdk.compiler/com.sun.tools.javac.api.BasicJavacTask.initPlugin(BasicJavacTask.java:255)
	at jdk.compiler/com.sun.tools.javac.api.BasicJavacTask.initPlugins(BasicJavacTask.java:229)
	at jdk.compiler/com.sun.tools.javac.main.Main.compile(Main.java:292)
	at jdk.compiler/com.sun.tools.javac.main.Main.compile(Main.java:176)
	at jdk.compiler/com.sun.tools.javac.Main.compile(Main.java:64)
	at jdk.compiler/com.sun.tools.javac.Main.main(Main.java:50)[0m
2023.07.02 16:21:02 WARN  no build target for: /home/ahmad/Documents/VT/taintanalysis/playground/observingbytecode/ScalaJavaExample.java[0m
2023.07.02 16:21:03 WARN  Running javac-semanticdb failed for file:///home/ahmad/Documents/VT/taintanalysis/playground/observingbytecode/ScalaJavaExample.java. Output:
Exception in thread "main" java.lang.IllegalAccessError: class com.sourcegraph.semanticdb_javac.SemanticdbPlugin (in unnamed module @0x77b52d12) cannot access class com.sun.tools.javac.api.BasicJavacTask (in module jdk.compiler) because module jdk.compiler does not export com.sun.tools.javac.api to unnamed module @0x77b52d12
	at com.sourcegraph.semanticdb_javac.SemanticdbPlugin.init(SemanticdbPlugin.java:19)
	at jdk.compiler/com.sun.tools.javac.api.BasicJavacTask.initPlugin(BasicJavacTask.java:255)
	at jdk.compiler/com.sun.tools.javac.api.BasicJavacTask.initPlugins(BasicJavacTask.java:229)
	at jdk.compiler/com.sun.tools.javac.main.Main.compile(Main.java:292)
	at jdk.compiler/com.sun.tools.javac.main.Main.compile(Main.java:176)
	at jdk.compiler/com.sun.tools.javac.Main.compile(Main.java:64)
	at jdk.compiler/com.sun.tools.javac.Main.main(Main.java:50)[0m
2023.07.02 16:22:52 WARN  no build target for: /home/ahmad/Documents/VT/taintanalysis/playground/observingbytecode/ScalaJavaExample.java[0m
2023.07.02 16:22:52 WARN  Running javac-semanticdb failed for file:///home/ahmad/Documents/VT/taintanalysis/playground/observingbytecode/ScalaJavaExample.java. Output:
Exception in thread "main" java.lang.IllegalAccessError: class com.sourcegraph.semanticdb_javac.SemanticdbPlugin (in unnamed module @0x77b52d12) cannot access class com.sun.tools.javac.api.BasicJavacTask (in module jdk.compiler) because module jdk.compiler does not export com.sun.tools.javac.api to unnamed module @0x77b52d12
	at com.sourcegraph.semanticdb_javac.SemanticdbPlugin.init(SemanticdbPlugin.java:19)
	at jdk.compiler/com.sun.tools.javac.api.BasicJavacTask.initPlugin(BasicJavacTask.java:255)
	at jdk.compiler/com.sun.tools.javac.api.BasicJavacTask.initPlugins(BasicJavacTask.java:229)
	at jdk.compiler/com.sun.tools.javac.main.Main.compile(Main.java:292)
	at jdk.compiler/com.sun.tools.javac.main.Main.compile(Main.java:176)
	at jdk.compiler/com.sun.tools.javac.Main.compile(Main.java:64)
	at jdk.compiler/com.sun.tools.javac.Main.main(Main.java:50)[0m
2023.07.02 16:23:15 WARN  no build target for: /home/ahmad/Documents/VT/taintanalysis/playground/observingbytecode/ScalaJavaExample.java[0m
2023.07.02 16:23:15 WARN  Running javac-semanticdb failed for file:///home/ahmad/Documents/VT/taintanalysis/playground/observingbytecode/ScalaJavaExample.java. Output:
Exception in thread "main" java.lang.IllegalAccessError: class com.sourcegraph.semanticdb_javac.SemanticdbPlugin (in unnamed module @0x77b52d12) cannot access class com.sun.tools.javac.api.BasicJavacTask (in module jdk.compiler) because module jdk.compiler does not export com.sun.tools.javac.api to unnamed module @0x77b52d12
	at com.sourcegraph.semanticdb_javac.SemanticdbPlugin.init(SemanticdbPlugin.java:19)
	at jdk.compiler/com.sun.tools.javac.api.BasicJavacTask.initPlugin(BasicJavacTask.java:255)
	at jdk.compiler/com.sun.tools.javac.api.BasicJavacTask.initPlugins(BasicJavacTask.java:229)
	at jdk.compiler/com.sun.tools.javac.main.Main.compile(Main.java:292)
	at jdk.compiler/com.sun.tools.javac.main.Main.compile(Main.java:176)
	at jdk.compiler/com.sun.tools.javac.Main.compile(Main.java:64)
	at jdk.compiler/com.sun.tools.javac.Main.main(Main.java:50)[0m
2023.07.02 16:24:15 WARN  no build target for: /home/ahmad/Documents/VT/taintanalysis/playground/observingbytecode/jarexample/api/DummyAPI.java[0m
2023.07.02 16:24:15 WARN  Running javac-semanticdb failed for file:///home/ahmad/Documents/VT/taintanalysis/playground/observingbytecode/jarexample/api/DummyAPI.java. Output:
Exception in thread "main" java.lang.IllegalAccessError: class com.sourcegraph.semanticdb_javac.SemanticdbPlugin (in unnamed module @0x77b52d12) cannot access class com.sun.tools.javac.api.BasicJavacTask (in module jdk.compiler) because module jdk.compiler does not export com.sun.tools.javac.api to unnamed module @0x77b52d12
	at com.sourcegraph.semanticdb_javac.SemanticdbPlugin.init(SemanticdbPlugin.java:19)
	at jdk.compiler/com.sun.tools.javac.api.BasicJavacTask.initPlugin(BasicJavacTask.java:255)
	at jdk.compiler/com.sun.tools.javac.api.BasicJavacTask.initPlugins(BasicJavacTask.java:229)
	at jdk.compiler/com.sun.tools.javac.main.Main.compile(Main.java:292)
	at jdk.compiler/com.sun.tools.javac.main.Main.compile(Main.java:176)
	at jdk.compiler/com.sun.tools.javac.Main.compile(Main.java:64)
	at jdk.compiler/com.sun.tools.javac.Main.main(Main.java:50)[0m
2023.07.02 16:24:27 WARN  no build target for: /home/ahmad/Documents/VT/taintanalysis/playground/observingbytecode/jarexample/api/DummyAPI.java[0m
2023.07.02 16:24:28 WARN  Running javac-semanticdb failed for file:///home/ahmad/Documents/VT/taintanalysis/playground/observingbytecode/jarexample/api/DummyAPI.java. Output:
Exception in thread "main" java.lang.IllegalAccessError: class com.sourcegraph.semanticdb_javac.SemanticdbPlugin (in unnamed module @0x77b52d12) cannot access class com.sun.tools.javac.api.BasicJavacTask (in module jdk.compiler) because module jdk.compiler does not export com.sun.tools.javac.api to unnamed module @0x77b52d12
	at com.sourcegraph.semanticdb_javac.SemanticdbPlugin.init(SemanticdbPlugin.java:19)
	at jdk.compiler/com.sun.tools.javac.api.BasicJavacTask.initPlugin(BasicJavacTask.java:255)
	at jdk.compiler/com.sun.tools.javac.api.BasicJavacTask.initPlugins(BasicJavacTask.java:229)
	at jdk.compiler/com.sun.tools.javac.main.Main.compile(Main.java:292)
	at jdk.compiler/com.sun.tools.javac.main.Main.compile(Main.java:176)
	at jdk.compiler/com.sun.tools.javac.Main.compile(Main.java:64)
	at jdk.compiler/com.sun.tools.javac.Main.main(Main.java:50)[0m
